[2.616s] DEBUG:colcon:Command line arguments: ['/usr/bin/colcon', 'build']
[2.616s] DEBUG:colcon:Parsed command line arguments: Namespace(allow_overriding=[], ament_cmake_args=None, base_paths=['.'], build_base='build', catkin_cmake_args=None, catkin_skip_building_tests=False, cmake_args=None, cmake_clean_cache=False, cmake_clean_first=False, cmake_force_configure=False, cmake_target=None, cmake_target_skip_unavailable=False, continue_on_error=False, event_handlers=None, executor='parallel', ignore_user_meta=False, install_base='install', log_base=None, log_level=None, main=<bound method BuildVerb.main of <colcon_core.verb.build.BuildVerb object at 0x7f65ea65c4c0>>, merge_install=False, metas=['./colcon.meta'], packages_above=None, packages_above_and_dependencies=None, packages_above_depth=None, packages_end=None, packages_ignore=None, packages_ignore_regex=None, packages_select=None, packages_select_build_failed=False, packages_select_by_dep=None, packages_select_regex=None, packages_select_test_failures=False, packages_skip=None, packages_skip_build_finished=False, packages_skip_by_dep=None, packages_skip_regex=None, packages_skip_test_passed=False, packages_skip_up_to=None, packages_start=None, packages_up_to=None, packages_up_to_regex=None, parallel_workers=2, paths=None, symlink_install=False, test_result_base=None, verb_extension=<colcon_core.verb.build.BuildVerb object at 0x7f65ea65c4c0>, verb_name='build', verb_parser=<colcon_defaults.argument_parser.defaults.DefaultArgumentsDecorator object at 0x7f65ea582790>)
[2.675s] Level 1:colcon.colcon_core.package_discovery:discover_packages(colcon_meta) check parameters
[2.675s] Level 1:colcon.colcon_core.package_discovery:discover_packages(recursive) check parameters
[2.676s] Level 1:colcon.colcon_core.package_discovery:discover_packages(ignore) check parameters
[2.676s] Level 1:colcon.colcon_core.package_discovery:discover_packages(path) check parameters
[2.676s] Level 1:colcon.colcon_core.package_discovery:discover_packages(colcon_meta) discover
[2.676s] Level 1:colcon.colcon_core.package_discovery:discover_packages(recursive) discover
[2.676s] INFO:colcon.colcon_core.package_discovery:Crawling recursively for packages in '/home/soph/skyrats_ws/src/mavbase2'
[2.676s] Level 1:colcon.colcon_core.package_identification:_identify(.) by extensions ['ignore', 'ignore_ament_install']
[2.676s] Level 1:colcon.colcon_core.package_identification:_identify(.) by extension 'ignore'
[2.676s] Level 1:colcon.colcon_core.package_identification:_identify(.) by extension 'ignore_ament_install'
[2.676s] Level 1:colcon.colcon_core.package_identification:_identify(.) by extensions ['colcon_pkg']
[2.676s] Level 1:colcon.colcon_core.package_identification:_identify(.) by extension 'colcon_pkg'
[2.676s] Level 1:colcon.colcon_core.package_identification:_identify(.) by extensions ['colcon_meta']
[2.676s] Level 1:colcon.colcon_core.package_identification:_identify(.) by extension 'colcon_meta'
[2.676s] Level 1:colcon.colcon_core.package_identification:_identify(.) by extensions ['ros']
[2.677s] Level 1:colcon.colcon_core.package_identification:_identify(.) by extension 'ros'
[2.734s] DEBUG:colcon.colcon_core.package_identification:Package '.' with type 'ros.ament_cmake' and name 'mavbase2'
[2.734s] Level 1:colcon.colcon_core.package_discovery:discover_packages(recursive) using defaults
[2.734s] Level 1:colcon.colcon_core.package_discovery:discover_packages(ignore) discover
[2.734s] Level 1:colcon.colcon_core.package_discovery:discover_packages(ignore) using defaults
[2.734s] Level 1:colcon.colcon_core.package_discovery:discover_packages(path) discover
[2.734s] Level 1:colcon.colcon_core.package_discovery:discover_packages(path) using defaults
[2.937s] Level 5:colcon.colcon_core.verb:set package 'mavbase2' build argument 'cmake_args' from command line to 'None'
[2.937s] Level 5:colcon.colcon_core.verb:set package 'mavbase2' build argument 'cmake_target' from command line to 'None'
[2.938s] Level 5:colcon.colcon_core.verb:set package 'mavbase2' build argument 'cmake_target_skip_unavailable' from command line to 'False'
[2.938s] Level 5:colcon.colcon_core.verb:set package 'mavbase2' build argument 'cmake_clean_cache' from command line to 'False'
[2.938s] Level 5:colcon.colcon_core.verb:set package 'mavbase2' build argument 'cmake_clean_first' from command line to 'False'
[2.938s] Level 5:colcon.colcon_core.verb:set package 'mavbase2' build argument 'cmake_force_configure' from command line to 'False'
[2.938s] Level 5:colcon.colcon_core.verb:set package 'mavbase2' build argument 'ament_cmake_args' from command line to 'None'
[2.938s] Level 5:colcon.colcon_core.verb:set package 'mavbase2' build argument 'catkin_cmake_args' from command line to 'None'
[2.938s] Level 5:colcon.colcon_core.verb:set package 'mavbase2' build argument 'catkin_skip_building_tests' from command line to 'False'
[2.938s] DEBUG:colcon.colcon_core.verb:Building package 'mavbase2' with the following arguments: {'ament_cmake_args': None, 'build_base': '/home/soph/skyrats_ws/src/mavbase2/build/mavbase2', 'catkin_cmake_args': None, 'catkin_skip_building_tests': False, 'cmake_args': None, 'cmake_clean_cache': False, 'cmake_clean_first': False, 'cmake_force_configure': False, 'cmake_target': None, 'cmake_target_skip_unavailable': False, 'install_base': '/home/soph/skyrats_ws/src/mavbase2/install/mavbase2', 'merge_install': False, 'path': '/home/soph/skyrats_ws/src/mavbase2', 'symlink_install': False, 'test_result_base': None}
[2.946s] INFO:colcon.colcon_core.executor:Executing jobs using 'parallel' executor
[2.952s] DEBUG:colcon.colcon_parallel_executor.executor.parallel:run_until_complete
[2.952s] INFO:colcon.colcon_ros.task.ament_cmake.build:Building ROS package in '/home/soph/skyrats_ws/src/mavbase2' with build type 'ament_cmake'
[2.953s] INFO:colcon.colcon_cmake.task.cmake.build:Building CMake package in '/home/soph/skyrats_ws/src/mavbase2'
[2.998s] INFO:colcon.colcon_core.plugin_system:Skipping extension 'colcon_core.shell.bat': Not used on non-Windows systems
[2.999s] INFO:colcon.colcon_core.shell:Skip shell extension 'powershell' for command environment: Not usable outside of PowerShell
[2.999s] DEBUG:colcon.colcon_core.shell:Skip shell extension 'dsv' for command environment
[3.042s] DEBUG:colcon.colcon_core.event_handler.log_command:Invoking command in '/home/soph/skyrats_ws/src/mavbase2/build/mavbase2': CMAKE_PREFIX_PATH=/opt/ros/galactic /usr/bin/cmake /home/soph/skyrats_ws/src/mavbase2 -DCMAKE_INSTALL_PREFIX=/home/soph/skyrats_ws/src/mavbase2/install/mavbase2
[7.033s] DEBUG:colcon.colcon_core.event_handler.log_command:Invoked command in '/home/soph/skyrats_ws/src/mavbase2/build/mavbase2' returned '0': CMAKE_PREFIX_PATH=/opt/ros/galactic /usr/bin/cmake /home/soph/skyrats_ws/src/mavbase2 -DCMAKE_INSTALL_PREFIX=/home/soph/skyrats_ws/src/mavbase2/install/mavbase2
[7.040s] DEBUG:colcon.colcon_core.event_handler.log_command:Invoking command in '/home/soph/skyrats_ws/src/mavbase2/build/mavbase2': CMAKE_PREFIX_PATH=/opt/ros/galactic /usr/bin/cmake --build /home/soph/skyrats_ws/src/mavbase2/build/mavbase2 -- -j2 -l2
[7.120s] DEBUG:colcon.colcon_core.event_handler.log_command:Invoked command in '/home/soph/skyrats_ws/src/mavbase2/build/mavbase2' returned '0': CMAKE_PREFIX_PATH=/opt/ros/galactic /usr/bin/cmake --build /home/soph/skyrats_ws/src/mavbase2/build/mavbase2 -- -j2 -l2
[7.188s] DEBUG:colcon.colcon_core.event_handler.log_command:Invoking command in '/home/soph/skyrats_ws/src/mavbase2/build/mavbase2': CMAKE_PREFIX_PATH=/opt/ros/galactic /usr/bin/cmake --install /home/soph/skyrats_ws/src/mavbase2/build/mavbase2
[7.221s] Level 1:colcon.colcon_core.environment:create_environment_scripts_only(mavbase2)
[7.223s] DEBUG:colcon.colcon_core.event_handler.log_command:Invoked command in '/home/soph/skyrats_ws/src/mavbase2/build/mavbase2' returned '0': CMAKE_PREFIX_PATH=/opt/ros/galactic /usr/bin/cmake --install /home/soph/skyrats_ws/src/mavbase2/build/mavbase2
[7.330s] Level 1:colcon.colcon_core.environment:checking '/home/soph/skyrats_ws/src/mavbase2/install/mavbase2' for CMake module files
[7.332s] Level 1:colcon.colcon_core.environment:checking '/home/soph/skyrats_ws/src/mavbase2/install/mavbase2' for CMake config files
[7.333s] Level 1:colcon.colcon_core.shell:create_environment_hook('mavbase2', 'cmake_prefix_path')
[7.335s] INFO:colcon.colcon_core.shell:Creating environment hook '/home/soph/skyrats_ws/src/mavbase2/install/mavbase2/share/mavbase2/hook/cmake_prefix_path.ps1'
[7.349s] INFO:colcon.colcon_core.shell:Creating environment descriptor '/home/soph/skyrats_ws/src/mavbase2/install/mavbase2/share/mavbase2/hook/cmake_prefix_path.dsv'
[7.362s] INFO:colcon.colcon_core.shell:Creating environment hook '/home/soph/skyrats_ws/src/mavbase2/install/mavbase2/share/mavbase2/hook/cmake_prefix_path.sh'
[7.364s] Level 1:colcon.colcon_core.environment:checking '/home/soph/skyrats_ws/src/mavbase2/install/mavbase2/bin'
[7.364s] Level 1:colcon.colcon_core.environment:checking '/home/soph/skyrats_ws/src/mavbase2/install/mavbase2/lib/pkgconfig/mavbase2.pc'
[7.365s] Level 1:colcon.colcon_core.environment:checking '/home/soph/skyrats_ws/src/mavbase2/install/mavbase2/lib/python3.8/site-packages'
[7.367s] INFO:colcon.colcon_core.shell:Creating package script '/home/soph/skyrats_ws/src/mavbase2/install/mavbase2/share/mavbase2/package.ps1'
[7.369s] INFO:colcon.colcon_core.shell:Creating package descriptor '/home/soph/skyrats_ws/src/mavbase2/install/mavbase2/share/mavbase2/package.dsv'
[7.371s] INFO:colcon.colcon_core.shell:Creating package script '/home/soph/skyrats_ws/src/mavbase2/install/mavbase2/share/mavbase2/package.sh'
[7.373s] INFO:colcon.colcon_core.shell:Creating package script '/home/soph/skyrats_ws/src/mavbase2/install/mavbase2/share/mavbase2/package.bash'
[7.409s] INFO:colcon.colcon_core.shell:Creating package script '/home/soph/skyrats_ws/src/mavbase2/install/mavbase2/share/mavbase2/package.zsh'
[7.411s] Level 1:colcon.colcon_core.environment:create_file_with_runtime_dependencies(/home/soph/skyrats_ws/src/mavbase2/install/mavbase2/share/colcon-core/packages/mavbase2)
[7.452s] Level 1:colcon.colcon_core.environment:create_environment_scripts_only(mavbase2)
[7.454s] Level 1:colcon.colcon_core.environment:checking '/home/soph/skyrats_ws/src/mavbase2/install/mavbase2' for CMake module files
[7.455s] Level 1:colcon.colcon_core.environment:checking '/home/soph/skyrats_ws/src/mavbase2/install/mavbase2' for CMake config files
[7.455s] Level 1:colcon.colcon_core.shell:create_environment_hook('mavbase2', 'cmake_prefix_path')
[7.457s] INFO:colcon.colcon_core.shell:Creating environment hook '/home/soph/skyrats_ws/src/mavbase2/install/mavbase2/share/mavbase2/hook/cmake_prefix_path.ps1'
[7.459s] INFO:colcon.colcon_core.shell:Creating environment descriptor '/home/soph/skyrats_ws/src/mavbase2/install/mavbase2/share/mavbase2/hook/cmake_prefix_path.dsv'
[7.460s] INFO:colcon.colcon_core.shell:Creating environment hook '/home/soph/skyrats_ws/src/mavbase2/install/mavbase2/share/mavbase2/hook/cmake_prefix_path.sh'
[7.461s] Level 1:colcon.colcon_core.environment:checking '/home/soph/skyrats_ws/src/mavbase2/install/mavbase2/bin'
[7.461s] Level 1:colcon.colcon_core.environment:checking '/home/soph/skyrats_ws/src/mavbase2/install/mavbase2/lib/pkgconfig/mavbase2.pc'
[7.461s] Level 1:colcon.colcon_core.environment:checking '/home/soph/skyrats_ws/src/mavbase2/install/mavbase2/lib/python3.8/site-packages'
[7.462s] INFO:colcon.colcon_core.shell:Creating package script '/home/soph/skyrats_ws/src/mavbase2/install/mavbase2/share/mavbase2/package.ps1'
[7.464s] INFO:colcon.colcon_core.shell:Creating package descriptor '/home/soph/skyrats_ws/src/mavbase2/install/mavbase2/share/mavbase2/package.dsv'
[7.464s] INFO:colcon.colcon_core.shell:Creating package script '/home/soph/skyrats_ws/src/mavbase2/install/mavbase2/share/mavbase2/package.sh'
[7.465s] INFO:colcon.colcon_core.shell:Creating package script '/home/soph/skyrats_ws/src/mavbase2/install/mavbase2/share/mavbase2/package.bash'
[7.467s] INFO:colcon.colcon_core.shell:Creating package script '/home/soph/skyrats_ws/src/mavbase2/install/mavbase2/share/mavbase2/package.zsh'
[7.468s] Level 1:colcon.colcon_core.environment:create_file_with_runtime_dependencies(/home/soph/skyrats_ws/src/mavbase2/install/mavbase2/share/colcon-core/packages/mavbase2)
[7.469s] DEBUG:colcon.colcon_parallel_executor.executor.parallel:closing loop
[7.470s] DEBUG:colcon.colcon_parallel_executor.executor.parallel:loop closed
[7.470s] DEBUG:colcon.colcon_parallel_executor.executor.parallel:run_until_complete finished with '0'
[7.470s] DEBUG:colcon.colcon_core.event_reactor:joining thread
[7.528s] INFO:colcon.colcon_core.plugin_system:Skipping extension 'colcon_notification.desktop_notification.terminal_notifier': Not used on non-Darwin systems
[7.529s] INFO:colcon.colcon_core.plugin_system:Skipping extension 'colcon_notification.desktop_notification.win32': Not used on non-Windows systems
[7.529s] INFO:colcon.colcon_notification.desktop_notification:Sending desktop notification using 'notify2'
[7.583s] DEBUG:colcon.colcon_core.event_reactor:joined thread
[7.584s] INFO:colcon.colcon_core.shell:Creating prefix script '/home/soph/skyrats_ws/src/mavbase2/install/local_setup.ps1'
[7.586s] INFO:colcon.colcon_core.shell:Creating prefix util module '/home/soph/skyrats_ws/src/mavbase2/install/_local_setup_util_ps1.py'
[7.590s] INFO:colcon.colcon_core.shell:Creating prefix chain script '/home/soph/skyrats_ws/src/mavbase2/install/setup.ps1'
[7.593s] INFO:colcon.colcon_core.shell:Creating prefix script '/home/soph/skyrats_ws/src/mavbase2/install/local_setup.sh'
[7.597s] INFO:colcon.colcon_core.shell:Creating prefix util module '/home/soph/skyrats_ws/src/mavbase2/install/_local_setup_util_sh.py'
[7.598s] INFO:colcon.colcon_core.shell:Creating prefix chain script '/home/soph/skyrats_ws/src/mavbase2/install/setup.sh'
[7.601s] INFO:colcon.colcon_core.shell:Creating prefix script '/home/soph/skyrats_ws/src/mavbase2/install/local_setup.bash'
[7.602s] INFO:colcon.colcon_core.shell:Creating prefix chain script '/home/soph/skyrats_ws/src/mavbase2/install/setup.bash'
[7.605s] INFO:colcon.colcon_core.shell:Creating prefix script '/home/soph/skyrats_ws/src/mavbase2/install/local_setup.zsh'
[7.607s] INFO:colcon.colcon_core.shell:Creating prefix chain script '/home/soph/skyrats_ws/src/mavbase2/install/setup.zsh'
